2026-06-16T14:24:53.214+02:00  INFO 20896 --- [paymybuddy] [restartedMain] com.paymybuddy.PaymybuddyApplication     : Starting PaymybuddyApplication using Java 17.0.19 with PID 20896 (C:\Users\rebek\PayMyBuddy\paymybuddy\target\classes started by rebek in C:\Users\rebek\PayMyBuddy\paymybuddy)
2026-06-16T14:24:53.225+02:00 DEBUG 20896 --- [paymybuddy] [restartedMain] com.paymybuddy.PaymybuddyApplication     : Running with Spring Boot v4.0.6, Spring v7.0.7
2026-06-16T14:24:53.227+02:00  INFO 20896 --- [paymybuddy] [restartedMain] com.paymybuddy.PaymybuddyApplication     : No active profile set, falling back to 1 default profile: "default"
2026-06-16T14:24:53.282+02:00  INFO 20896 --- [paymybuddy] [restartedMain] .e.DevToolsPropertyDefaultsPostProcessor : Devtools property defaults active! Set 'spring.devtools.add-properties' to 'false' to disable
2026-06-16T14:24:53.283+02:00  INFO 20896 --- [paymybuddy] [restartedMain] .e.DevToolsPropertyDefaultsPostProcessor : For additional web related logging consider setting the 'logging.level.web' property to 'DEBUG'
2026-06-16T14:24:54.016+02:00  INFO 20896 --- [paymybuddy] [restartedMain] .s.d.r.c.RepositoryConfigurationDelegate : Bootstrapping Spring Data JPA repositories in DEFAULT mode.
2026-06-16T14:24:54.076+02:00  INFO 20896 --- [paymybuddy] [restartedMain] .s.d.r.c.RepositoryConfigurationDelegate : Finished Spring Data repository scanning in 50 ms. Found 3 JPA repository interfaces.
2026-06-16T14:24:54.690+02:00  INFO 20896 --- [paymybuddy] [restartedMain] o.s.boot.tomcat.TomcatWebServer          : Tomcat initialized with port 8080 (http)
2026-06-16T14:24:54.703+02:00  INFO 20896 --- [paymybuddy] [restartedMain] o.apache.catalina.core.StandardService   : Starting service [Tomcat]
2026-06-16T14:24:54.704+02:00  INFO 20896 --- [paymybuddy] [restartedMain] o.apache.catalina.core.StandardEngine    : Starting Servlet engine: [Apache Tomcat/11.0.21]
2026-06-16T14:24:54.766+02:00  INFO 20896 --- [paymybuddy] [restartedMain] b.w.c.s.WebApplicationContextInitializer : Root WebApplicationContext: initialization completed in 1482 ms
2026-06-16T14:24:55.024+02:00  INFO 20896 --- [paymybuddy] [restartedMain] org.hibernate.orm.jpa                    : HHH008540: Processing PersistenceUnitInfo [name: default]
2026-06-16T14:24:55.107+02:00  INFO 20896 --- [paymybuddy] [restartedMain] org.hibernate.orm.core                   : HHH000001: Hibernate ORM core version 7.2.12.Final
2026-06-16T14:24:55.633+02:00  INFO 20896 --- [paymybuddy] [restartedMain] o.s.o.j.p.SpringPersistenceUnitInfo      : No LoadTimeWeaver setup: ignoring JPA class transformer
2026-06-16T14:24:55.665+02:00  INFO 20896 --- [paymybuddy] [restartedMain] com.zaxxer.hikari.HikariDataSource       : HikariPool-1 - Starting...
2026-06-16T14:24:55.962+02:00  INFO 20896 --- [paymybuddy] [restartedMain] com.zaxxer.hikari.pool.HikariPool        : HikariPool-1 - Added connection com.mysql.cj.jdbc.ConnectionImpl@a3b8a1a
2026-06-16T14:24:55.964+02:00  INFO 20896 --- [paymybuddy] [restartedMain] com.zaxxer.hikari.HikariDataSource       : HikariPool-1 - Start completed.
2026-06-16T14:24:56.048+02:00  INFO 20896 --- [paymybuddy] [restartedMain] org.hibernate.orm.connections.pooling    : HHH10001005: Database info:
	Database JDBC URL [jdbc:mysql://localhost:3306/mydb]
	Database driver: MySQL Connector/J
	Database dialect: MySQLDialect
	Database version: 8.0.44
	Default catalog/schema: mydb/undefined
	Autocommit mode: undefined/unknown
	Isolation level: REPEATABLE_READ [default REPEATABLE_READ]
	JDBC fetch size: none
	Pool: DataSourceConnectionProvider
	Minimum pool size: undefined/unknown
	Maximum pool size: undefined/unknown
2026-06-16T14:24:56.866+02:00  INFO 20896 --- [paymybuddy] [restartedMain] org.hibernate.orm.core                   : HHH000489: No JTA platform available (set 'hibernate.transaction.jta.platform' to enable JTA platform integration)
2026-06-16T14:24:56.944+02:00  INFO 20896 --- [paymybuddy] [restartedMain] j.LocalContainerEntityManagerFactoryBean : Initialized JPA EntityManagerFactory for persistence unit 'default'
2026-06-16T14:24:57.024+02:00  INFO 20896 --- [paymybuddy] [restartedMain] o.s.d.j.r.query.QueryEnhancerFactories   : Hibernate is in classpath; If applicable, HQL parser will be used.
2026-06-16T14:24:57.331+02:00  INFO 20896 --- [paymybuddy] [restartedMain] eAuthenticationProviderManagerConfigurer : Global AuthenticationManager configured with AuthenticationProvider bean with name authenticationProvider
2026-06-16T14:24:57.332+02:00  WARN 20896 --- [paymybuddy] [restartedMain] r$InitializeUserDetailsManagerConfigurer : Global AuthenticationManager configured with an AuthenticationProvider bean. UserDetailsService beans will not be used by Spring Security for automatically configuring username/password login. Consider removing the AuthenticationProvider bean. Alternatively, consider using the UserDetailsService in a manually instantiated DaoAuthenticationProvider. If the current configuration is intentional, to turn off this warning, increase the logging level of 'org.springframework.security.config.annotation.authentication.configuration.InitializeUserDetailsBeanManagerConfigurer' to ERROR
2026-06-16T14:24:57.916+02:00  INFO 20896 --- [paymybuddy] [restartedMain] o.s.boot.tomcat.TomcatWebServer          : Tomcat started on port 8080 (http) with context path '/'
2026-06-16T14:24:57.923+02:00  INFO 20896 --- [paymybuddy] [restartedMain] com.paymybuddy.PaymybuddyApplication     : Started PaymybuddyApplication in 5.105 seconds (process running for 5.612)
2026-06-16T14:25:34.880+02:00  INFO 20896 --- [paymybuddy] [http-nio-8080-exec-1] o.a.c.c.C.[Tomcat].[localhost].[/]       : Initializing Spring DispatcherServlet 'dispatcherServlet'
2026-06-16T14:25:34.881+02:00  INFO 20896 --- [paymybuddy] [http-nio-8080-exec-1] o.s.web.servlet.DispatcherServlet        : Initializing Servlet 'dispatcherServlet'
2026-06-16T14:25:34.883+02:00  INFO 20896 --- [paymybuddy] [http-nio-8080-exec-1] o.s.web.servlet.DispatcherServlet        : Completed initialization in 2 ms
2026-06-16T15:36:58.937+02:00  WARN 20896 --- [paymybuddy] [HikariPool-1:housekeeper] com.zaxxer.hikari.pool.HikariPool        : HikariPool-1 - Thread starvation or clock leap detected (housekeeper delta=29m2s165ms457µs900ns).
